This is e-pTeX, Version 3.14159265-p3.8.2-190908-2.6 (utf8.euc) (TeX Live 2019/Debian) (preloaded format=platex 2020.7.4)  7 JUL 2020 22:50
entering extended mode
 restricted \write18 enabled.
 %&-line parsing enabled.
**dynamics1.texq
(/usr/share/texlive/texmf-dist/tex/latex/tools/q.tex
pLaTeX2e <2020-02-02>+2 (based on LaTeX2e <2020-02-02> patch level 2)
L3 programming layer <2020-02-14> File ignored
)
! Emergency stop.
<*> dynamics1.texq
                  
*** (job aborted, no legal \end found)

 
Here is how much of TeX's memory you used:
 19 strings out of 482790
 433 string characters out of 5957637
 233308 words of memory out of 5000000
 15444 multiletter control sequences out of 15000+600000
 536209 words of font info for 41 fonts, out of 8000000 for 9000
 309 hyphenation exceptions out of 8191
 13i,0n,15p,94b,10s stack positions out of 5000i,500n,10000p,200000b,80000s
No pages of output.
